[0330/125525.386:ERROR:process_info.cc(343)] VirtualQueryEx: 拒绝访问。 (0x5)
[0330/125525.390:ERROR:process_info.cc(564)] ReadMemoryInfo failed
[0330/125525.390:ERROR:process_reader_win.cc(233)] ReadMemory at 0x5b927dc8 of 12 bytes failed: 仅完成部分的 ReadProcessMemory 或 WriteProcessMemory 请求。 (0x12B)
[0330/125525.391:WARNING:process_snapshot_win.cc(68)] ReadMemory ExceptionInformation failed
[0330/125525.391:WARNING:crash_report_exception_handler.cc(60)] ProcessSnapshotWin::Initialize failed
[0330/125525.391:ERROR:scoped_process_suspend.cc(38)] NtResumeProcess: 已尝试访问正在退出的过程。  (0xc000010a)
[0330/210439.981:ERROR:process_reader_win.cc(142)] SuspendThread: 拒绝访问。 (0x5)
[0330/210439.981:ERROR:exception_snapshot_win.cc(87)] thread ID 23384 not found in process
[0330/210439.981:WARNING:crash_report_exception_handler.cc(60)] ProcessSnapshotWin::Initialize failed
[0330/210439.981:ERROR:scoped_process_suspend.cc(38)] NtResumeProcess: 已尝试访问正在退出的过程。  (0xc000010a)
[0330/210440.050:ERROR:process_reader_win.cc(142)] SuspendThread: 拒绝访问。 (0x5)
[0330/210440.050:ERROR:process_reader_win.cc(142)] SuspendThread: 拒绝访问。 (0x5)
[0330/210440.050:ERROR:process_reader_win.cc(142)] SuspendThread: 拒绝访问。 (0x5)
[0330/210440.050:ERROR:process_reader_win.cc(142)] SuspendThread: 拒绝访问。 (0x5)
[0330/210440.050:ERROR:process_reader_win.cc(142)] SuspendThread: 拒绝访问。 (0x5)
[0330/210440.050:ERROR:process_reader_win.cc(142)] SuspendThread: 拒绝访问。 (0x5)
[0330/210440.050:ERROR:process_reader_win.cc(142)] SuspendThread: 拒绝访问。 (0x5)
[0330/210440.050:ERROR:process_reader_win.cc(142)] SuspendThread: 拒绝访问。 (0x5)
[0330/210440.050:ERROR:process_reader_win.cc(142)] SuspendThread: 拒绝访问。 (0x5)
[0330/210440.050:ERROR:process_reader_win.cc(142)] SuspendThread: 拒绝访问。 (0x5)
[0330/210440.051:ERROR:process_info.cc(625)] range at 0xfea59000, size 0x230 fully unreadable
[0330/210440.055:ERROR:process_info.cc(625)] range at 0xfea5c000, size 0xf84 fully unreadable
[0330/210440.055:ERROR:process_reader_win.cc(142)] SuspendThread: 拒绝访问。 (0x5)
[0330/210440.055:ERROR:process_reader_win.cc(142)] SuspendThread: 拒绝访问。 (0x5)
[0330/210440.055:ERROR:process_reader_win.cc(142)] SuspendThread: 拒绝访问。 (0x5)
[0330/210440.055:ERROR:process_reader_win.cc(142)] SuspendThread: 拒绝访问。 (0x5)
[0330/210440.056:ERROR:process_reader_win.cc(142)] SuspendThread: 拒绝访问。 (0x5)
[0330/210440.056:ERROR:process_reader_win.cc(142)] SuspendThread: 拒绝访问。 (0x5)
[0330/210440.056:ERROR:process_reader_win.cc(142)] SuspendThread: 拒绝访问。 (0x5)
[0330/210440.056:ERROR:process_reader_win.cc(142)] SuspendThread: 拒绝访问。 (0x5)
[0330/210440.056:ERROR:process_reader_win.cc(142)] SuspendThread: 拒绝访问。 (0x5)
[0330/210440.056:ERROR:process_reader_win.cc(142)] SuspendThread: 拒绝访问。 (0x5)
[0330/210440.056:ERROR:process_info.cc(625)] range at 0xfebff000, size 0x230 fully unreadable
[0330/210440.059:ERROR:process_info.cc(625)] range at 0xfebfe000, size 0xf84 fully unreadable
[0330/210440.063:ERROR:process_info.cc(625)] range at 0xff005000, size 0x230 fully unreadable
[0330/210440.066:ERROR:process_info.cc(625)] range at 0xff184000, size 0x230 fully unreadable
[0330/210440.066:ERROR:process_info.cc(625)] range at 0xff00c000, size 0xf84 fully unreadable
[0330/210440.070:ERROR:process_info.cc(625)] range at 0xff18f000, size 0xf84 fully unreadable
